生成启动时间为 15/6/23 上午1:51:25。
     1>项目“Z:\GIT\MyTFTP\MyClient\MyClient.vcxproj”在节点 2 上(Build 个目标)。
     1>ClCompile:
         C:\Program Files (x86)\Microsoft Visual Studio 14.0\VC\bin\CL.exe /c /ZI /nologo /W3 /WX- /Od /Oy- /D WIN32 /D _DEBUG /D _CONSOLE /D _UNICODE /D UNICODE /Gm /EHsc /RTC1 /MDd /GS /fp:precise /Zc:wchar_t /Zc:forScope /Zc:inline /Fo"Debug\\" /Fd"Debug\vc140.pdb" /Gd /TP /analyze- /errorReport:prompt MyClient.cpp
         MyClient.cpp
     1>z:\git\mytftp\myclient\myclient.cpp(153): warning C4996: 'sprintf': This function or variable may be unsafe. Consider using sprintf_s instead. To disable deprecation, use _CRT_SECURE_NO_WARNINGS. See online help for details.
         c:\program files (x86)\windows kits\10\include\10.0.10056.0\ucrt\stdio.h(1769): note: 参见“sprintf”的声明
     1>z:\git\mytftp\myclient\myclient.cpp(155): warning C4996: 'sprintf': This function or variable may be unsafe. Consider using sprintf_s instead. To disable deprecation, use _CRT_SECURE_NO_WARNINGS. See online help for details.
         c:\program files (x86)\windows kits\10\include\10.0.10056.0\ucrt\stdio.h(1769): note: 参见“sprintf”的声明
     1>z:\git\mytftp\myclient\myclient.cpp(157): warning C4996: 'sprintf': This function or variable may be unsafe. Consider using sprintf_s instead. To disable deprecation, use _CRT_SECURE_NO_WARNINGS. See online help for details.
         c:\program files (x86)\windows kits\10\include\10.0.10056.0\ucrt\stdio.h(1769): note: 参见“sprintf”的声明
     1>z:\git\mytftp\myclient\myclient.cpp(159): warning C4996: 'sprintf': This function or variable may be unsafe. Consider using sprintf_s instead. To disable deprecation, use _CRT_SECURE_NO_WARNINGS. See online help for details.
         c:\program files (x86)\windows kits\10\include\10.0.10056.0\ucrt\stdio.h(1769): note: 参见“sprintf”的声明
     1>z:\git\mytftp\myclient\myclient.cpp(161): warning C4996: 'sprintf': This function or variable may be unsafe. Consider using sprintf_s instead. To disable deprecation, use _CRT_SECURE_NO_WARNINGS. See online help for details.
         c:\program files (x86)\windows kits\10\include\10.0.10056.0\ucrt\stdio.h(1769): note: 参见“sprintf”的声明
     1>z:\git\mytftp\myclient\myclient.cpp(163): warning C4996: 'sprintf': This function or variable may be unsafe. Consider using sprintf_s instead. To disable deprecation, use _CRT_SECURE_NO_WARNINGS. See online help for details.
         c:\program files (x86)\windows kits\10\include\10.0.10056.0\ucrt\stdio.h(1769): note: 参见“sprintf”的声明
     1>z:\git\mytftp\myclient\myclient.cpp(178): warning C4996: 'fopen': This function or variable may be unsafe. Consider using fopen_s instead. To disable deprecation, use _CRT_SECURE_NO_WARNINGS. See online help for details.
         c:\program files (x86)\windows kits\10\include\10.0.10056.0\ucrt\stdio.h(205): note: 参见“fopen”的声明
     1>z:\git\mytftp\myclient\myclient.cpp(236): warning C4996: 'sprintf': This function or variable may be unsafe. Consider using sprintf_s instead. To disable deprecation, use _CRT_SECURE_NO_WARNINGS. See online help for details.
         c:\program files (x86)\windows kits\10\include\10.0.10056.0\ucrt\stdio.h(1769): note: 参见“sprintf”的声明
     1>z:\git\mytftp\myclient\myclient.cpp(238): warning C4996: 'sprintf': This function or variable may be unsafe. Consider using sprintf_s instead. To disable deprecation, use _CRT_SECURE_NO_WARNINGS. See online help for details.
         c:\program files (x86)\windows kits\10\include\10.0.10056.0\ucrt\stdio.h(1769): note: 参见“sprintf”的声明
     1>z:\git\mytftp\myclient\myclient.cpp(240): warning C4996: 'sprintf': This function or variable may be unsafe. Consider using sprintf_s instead. To disable deprecation, use _CRT_SECURE_NO_WARNINGS. See online help for details.
         c:\program files (x86)\windows kits\10\include\10.0.10056.0\ucrt\stdio.h(1769): note: 参见“sprintf”的声明
     1>z:\git\mytftp\myclient\myclient.cpp(242): warning C4996: 'sprintf': This function or variable may be unsafe. Consider using sprintf_s instead. To disable deprecation, use _CRT_SECURE_NO_WARNINGS. See online help for details.
         c:\program files (x86)\windows kits\10\include\10.0.10056.0\ucrt\stdio.h(1769): note: 参见“sprintf”的声明
     1>z:\git\mytftp\myclient\myclient.cpp(244): warning C4996: 'sprintf': This function or variable may be unsafe. Consider using sprintf_s instead. To disable deprecation, use _CRT_SECURE_NO_WARNINGS. See online help for details.
         c:\program files (x86)\windows kits\10\include\10.0.10056.0\ucrt\stdio.h(1769): note: 参见“sprintf”的声明
     1>z:\git\mytftp\myclient\myclient.cpp(246): warning C4996: 'sprintf': This function or variable may be unsafe. Consider using sprintf_s instead. To disable deprecation, use _CRT_SECURE_NO_WARNINGS. See online help for details.
         c:\program files (x86)\windows kits\10\include\10.0.10056.0\ucrt\stdio.h(1769): note: 参见“sprintf”的声明
     1>z:\git\mytftp\myclient\myclient.cpp(261): warning C4996: 'fopen': This function or variable may be unsafe. Consider using fopen_s instead. To disable deprecation, use _CRT_SECURE_NO_WARNINGS. See online help for details.
         c:\program files (x86)\windows kits\10\include\10.0.10056.0\ucrt\stdio.h(205): note: 参见“fopen”的声明
       Link:
         C:\Program Files (x86)\Microsoft Visual Studio 14.0\VC\bin\link.exe /ERRORREPORT:PROMPT /OUT:"Z:\GIT\MyTFTP\Debug\MyClient.exe" /INCREMENTAL /NOLOGO kernel32.lib user32.lib gdi32.lib winspool.lib comdlg32.lib advapi32.lib shell32.lib ole32.lib oleaut32.lib uuid.lib odbc32.lib odbccp32.lib /MANIFEST /MANIFESTUAC:"level='asInvoker' uiAccess='false'" /manifest:embed /Debug /PDB:"Z:\GIT\MyTFTP\Debug\MyClient.pdb" /SUBSYSTEM:CONSOLE /TLBID:1 /DYNAMICBASE /NXCOMPAT /IMPLIB:"Z:\GIT\MyTFTP\Debug\MyClient.lib" /MACHINE:X86 Debug\MyClient.obj
         Debug\stdafx.obj
         MyClient.vcxproj -> Z:\GIT\MyTFTP\Debug\MyClient.exe
     1>已完成生成项目“Z:\GIT\MyTFTP\MyClient\MyClient.vcxproj”(Build 个目标)的操作。

生成成功。

已用时间 00:00:02.25
